{"/home/donacrio/projects/barkbark/src/Parser.ts": {"path":"/home/donacrio/projects/barkbark/src/Parser.ts","statementMap":{"0":{"start":{"line":3,"column":0},"end":{"line":3,"column":37}},"1":{"start":{"line":5,"column":22},"end":{"line":5,"column":142}},"2":{"start":{"line":16,"column":9},"end":{"line":24,"column":4}},"3":{"start":{"line":17,"column":19},"end":{"line":17,"column":36}},"4":{"start":{"line":18,"column":4},"end":{"line":23,"column":null}},"5":{"start":{"line":19,"column":18},"end":{"line":19,"column":51}},"6":{"start":{"line":20,"column":6},"end":{"line":22,"column":null}},"7":{"start":{"line":21,"column":8},"end":{"line":21,"column":32}},"8":{"start":{"line":26,"column":10},"end":{"line":57,"column":4}},"9":{"start":{"line":27,"column":18},"end":{"line":27,"column":42}},"10":{"start":{"line":28,"column":4},"end":{"line":54,"column":null}},"11":{"start":{"line":39,"column":19},"end":{"line":39,"column":56}},"12":{"start":{"line":40,"column":21},"end":{"line":40,"column":58}},"13":{"start":{"line":41,"column":20},"end":{"line":41,"column":58}},"14":{"start":{"line":43,"column":6},"end":{"line":53,"column":null}},"15":{"start":{"line":44,"column":8},"end":{"line":52,"column":10}},"16":{"start":{"line":56,"column":4},"end":{"line":56,"column":16}},"17":{"start":{"line":12,"column":4},"end":{"line":12,"column":42}},"18":{"start":{"line":13,"column":4},"end":{"line":13,"column":23}},"19":{"start":{"line":7,"column":0},"end":{"line":7,"column":13}}},"fnMap":{"0":{"name":"(anonymous_1)","decl":{"start":{"line":11,"column":2},"end":{"line":11,"column":14}},"loc":{"start":{"line":11,"column":49},"end":{"line":14,"column":3}}},"1":{"name":"(anonymous_2)","decl":{"start":{"line":16,"column":20},"end":{"line":16,"column":29}},"loc":{"start":{"line":16,"column":31},"end":{"line":24,"column":3}}},"2":{"name":"(anonymous_3)","decl":{"start":{"line":26,"column":22},"end":{"line":26,"column":23}},"loc":{"start":{"line":26,"column":51},"end":{"line":57,"column":3}}}},"branchMap":{"0":{"loc":{"start":{"line":18,"column":4},"end":{"line":23,"column":null}},"type":"if","locations":[{"start":{"line":18,"column":4},"end":{"line":23,"column":null}},{"start":{"line":18,"column":4},"end":{"line":23,"column":null}}]},"1":{"loc":{"start":{"line":20,"column":6},"end":{"line":22,"column":null}},"type":"if","locations":[{"start":{"line":20,"column":6},"end":{"line":22,"column":null}},{"start":{"line":20,"column":6},"end":{"line":22,"column":null}}]},"2":{"loc":{"start":{"line":28,"column":4},"end":{"line":54,"column":null}},"type":"if","locations":[{"start":{"line":28,"column":4},"end":{"line":54,"column":null}},{"start":{"line":28,"column":4},"end":{"line":54,"column":null}}]},"3":{"loc":{"start":{"line":29,"column":6},"end":{"line":29,"column":11}},"type":"binary-expr","locations":[{"start":{"line":29,"column":6},"end":{"line":29,"column":11}},{"start":{"line":30,"column":6},"end":{"line":30,"column":18}},{"start":{"line":31,"column":6},"end":{"line":31,"column":32}},{"start":{"line":32,"column":6},"end":{"line":32,"column":28}},{"start":{"line":33,"column":6},"end":{"line":33,"column":30}},{"start":{"line":34,"column":6},"end":{"line":34,"column":26}},{"start":{"line":35,"column":6},"end":{"line":35,"column":29}},{"start":{"line":36,"column":6},"end":{"line":36,"column":28}},{"start":{"line":37,"column":6},"end":{"line":37,"column":27}}]},"4":{"loc":{"start":{"line":43,"column":6},"end":{"line":53,"column":null}},"type":"if","locations":[{"start":{"line":43,"column":6},"end":{"line":53,"column":null}},{"start":{"line":43,"column":6},"end":{"line":53,"column":null}}]},"5":{"loc":{"start":{"line":43,"column":10},"end":{"line":43,"column":21}},"type":"binary-expr","locations":[{"start":{"line":43,"column":10},"end":{"line":43,"column":21}},{"start":{"line":43,"column":25},"end":{"line":43,"column":38}},{"start":{"line":43,"column":42},"end":{"line":43,"column":54}}]}},"s":{"0":1,"1":1,"2":1,"3":1,"4":1,"5":1,"6":1,"7":1,"8":1,"9":1,"10":1,"11":1,"12":1,"13":1,"14":1,"15":1,"16":0,"17":1,"18":1,"19":1},"f":{"0":1,"1":1,"2":1},"b":{"0":[1,0],"1":[1,0],"2":[1,0],"3":[1,1,1,1,1,1,1,1,1],"4":[1,0],"5":[1,1,1]}}
,"/home/donacrio/projects/barkbark/src/Queue.ts": {"path":"/home/donacrio/projects/barkbark/src/Queue.ts","statementMap":{"0":{"start":{"line":12,"column":9},"end":{"line":18,"column":4}},"1":{"start":{"line":13,"column":4},"end":{"line":15,"column":null}},"2":{"start":{"line":14,"column":6},"end":{"line":14,"column":21}},"3":{"start":{"line":16,"column":4},"end":{"line":16,"column":16}},"4":{"start":{"line":17,"column":4},"end":{"line":17,"column":24}},"5":{"start":{"line":20,"column":9},"end":{"line":26,"column":4}},"6":{"start":{"line":21,"column":4},"end":{"line":23,"column":null}},"7":{"start":{"line":22,"column":6},"end":{"line":22,"column":18}},"8":{"start":{"line":24,"column":4},"end":{"line":24,"column":16}},"9":{"start":{"line":25,"column":4},"end":{"line":25,"column":31}},"10":{"start":{"line":28,"column":9},"end":{"line":31,"column":4}},"11":{"start":{"line":29,"column":18},"end":{"line":29,"column":44}},"12":{"start":{"line":30,"column":4},"end":{"line":30,"column":54}},"13":{"start":{"line":33,"column":10},"end":{"line":35,"column":4}},"14":{"start":{"line":34,"column":4},"end":{"line":34,"column":38}},"15":{"start":{"line":37,"column":10},"end":{"line":39,"column":4}},"16":{"start":{"line":38,"column":4},"end":{"line":38,"column":26}},"17":{"start":{"line":7,"column":4},"end":{"line":7,"column":41}},"18":{"start":{"line":8,"column":4},"end":{"line":8,"column":18}},"19":{"start":{"line":9,"column":4},"end":{"line":9,"column":20}},"20":{"start":{"line":1,"column":0},"end":{"line":1,"column":13}}},"fnMap":{"0":{"name":"(anonymous_0)","decl":{"start":{"line":6,"column":2},"end":{"line":6,"column":14}},"loc":{"start":{"line":6,"column":30},"end":{"line":10,"column":3}}},"1":{"name":"(anonymous_1)","decl":{"start":{"line":12,"column":19},"end":{"line":12,"column":20}},"loc":{"start":{"line":12,"column":35},"end":{"line":18,"column":3}}},"2":{"name":"(anonymous_2)","decl":{"start":{"line":20,"column":19},"end":{"line":20,"column":32}},"loc":{"start":{"line":20,"column":34},"end":{"line":26,"column":3}}},"3":{"name":"(anonymous_3)","decl":{"start":{"line":28,"column":27},"end":{"line":28,"column":28}},"loc":{"start":{"line":28,"column":46},"end":{"line":31,"column":3}}},"4":{"name":"(anonymous_4)","decl":{"start":{"line":33,"column":19},"end":{"line":33,"column":31}},"loc":{"start":{"line":33,"column":33},"end":{"line":35,"column":3}}},"5":{"name":"(anonymous_5)","decl":{"start":{"line":37,"column":20},"end":{"line":37,"column":32}},"loc":{"start":{"line":37,"column":34},"end":{"line":39,"column":3}}}},"branchMap":{"0":{"loc":{"start":{"line":13,"column":4},"end":{"line":15,"column":null}},"type":"if","locations":[{"start":{"line":13,"column":4},"end":{"line":15,"column":null}},{"start":{"line":13,"column":4},"end":{"line":15,"column":null}}]},"1":{"loc":{"start":{"line":21,"column":4},"end":{"line":23,"column":null}},"type":"if","locations":[{"start":{"line":21,"column":4},"end":{"line":23,"column":null}},{"start":{"line":21,"column":4},"end":{"line":23,"column":null}}]}},"s":{"0":7,"1":25,"2":1,"3":25,"4":25,"5":7,"6":3,"7":1,"8":2,"9":2,"10":7,"11":12,"12":12,"13":7,"14":25,"15":7,"16":3,"17":7,"18":7,"19":7,"20":2},"f":{"0":7,"1":25,"2":3,"3":12,"4":25,"5":3},"b":{"0":[1,24],"1":[1,2]}}
}
