{"/home/dona/projects/barkbark/src/exceptions/NoFilepathError.ts": {"path":"/home/dona/projects/barkbark/src/exceptions/NoFilepathError.ts","statementMap":{"0":{"start":{"line":3,"column":4},"end":{"line":3,"column":19}},"1":{"start":{"line":1,"column":0},"end":{"line":1,"column":13}}},"fnMap":{"0":{"name":"(anonymous_0)","decl":{"start":{"line":2,"column":2},"end":{"line":2,"column":14}},"loc":{"start":{"line":2,"column":30},"end":{"line":4,"column":3}}}},"branchMap":{},"s":{"0":1,"1":2},"f":{"0":1},"b":{}}
,"/home/dona/projects/barkbark/src/exceptions/NotImplementedError.ts": {"path":"/home/dona/projects/barkbark/src/exceptions/NotImplementedError.ts","statementMap":{"0":{"start":{"line":3,"column":4},"end":{"line":3,"column":19}},"1":{"start":{"line":1,"column":0},"end":{"line":1,"column":13}}},"fnMap":{"0":{"name":"(anonymous_0)","decl":{"start":{"line":2,"column":2},"end":{"line":2,"column":14}},"loc":{"start":{"line":2,"column":30},"end":{"line":4,"column":3}}}},"branchMap":{},"s":{"0":1,"1":1},"f":{"0":1},"b":{}}
,"/home/dona/projects/barkbark/src/lib/Queue.ts": {"path":"/home/dona/projects/barkbark/src/lib/Queue.ts","statementMap":{"0":{"start":{"line":14,"column":9},"end":{"line":20,"column":4}},"1":{"start":{"line":14,"column":50},"end":{"line":20,"column":4}},"2":{"start":{"line":15,"column":4},"end":{"line":17,"column":null}},"3":{"start":{"line":16,"column":6},"end":{"line":16,"column":21}},"4":{"start":{"line":18,"column":4},"end":{"line":18,"column":16}},"5":{"start":{"line":19,"column":4},"end":{"line":19,"column":24}},"6":{"start":{"line":22,"column":9},"end":{"line":28,"column":4}},"7":{"start":{"line":23,"column":4},"end":{"line":25,"column":null}},"8":{"start":{"line":24,"column":6},"end":{"line":24,"column":18}},"9":{"start":{"line":26,"column":4},"end":{"line":26,"column":16}},"10":{"start":{"line":27,"column":4},"end":{"line":27,"column":31}},"11":{"start":{"line":30,"column":9},"end":{"line":33,"column":4}},"12":{"start":{"line":31,"column":18},"end":{"line":31,"column":44}},"13":{"start":{"line":32,"column":4},"end":{"line":32,"column":54}},"14":{"start":{"line":35,"column":10},"end":{"line":37,"column":4}},"15":{"start":{"line":36,"column":4},"end":{"line":36,"column":38}},"16":{"start":{"line":39,"column":10},"end":{"line":41,"column":4}},"17":{"start":{"line":40,"column":4},"end":{"line":40,"column":26}},"18":{"start":{"line":9,"column":4},"end":{"line":9,"column":41}},"19":{"start":{"line":10,"column":4},"end":{"line":10,"column":18}},"20":{"start":{"line":11,"column":4},"end":{"line":11,"column":20}},"21":{"start":{"line":3,"column":0},"end":{"line":3,"column":13}}},"fnMap":{"0":{"name":"(anonymous_7)","decl":{"start":{"line":8,"column":2},"end":{"line":8,"column":14}},"loc":{"start":{"line":8,"column":30},"end":{"line":12,"column":3}}},"1":{"name":"(anonymous_8)","decl":{"start":{"line":14,"column":19},"end":{"line":14,"column":26}},"loc":{"start":{"line":14,"column":50},"end":{"line":20,"column":4}}},"2":{"name":"(anonymous_9)","decl":{"start":{"line":14,"column":50},"end":{"line":14,"column":null}},"loc":{"start":{"line":14,"column":50},"end":{"line":20,"column":3}}},"3":{"name":"(anonymous_10)","decl":{"start":{"line":22,"column":19},"end":{"line":22,"column":32}},"loc":{"start":{"line":22,"column":34},"end":{"line":28,"column":3}}},"4":{"name":"(anonymous_11)","decl":{"start":{"line":30,"column":27},"end":{"line":30,"column":28}},"loc":{"start":{"line":30,"column":46},"end":{"line":33,"column":3}}},"5":{"name":"(anonymous_12)","decl":{"start":{"line":35,"column":19},"end":{"line":35,"column":31}},"loc":{"start":{"line":35,"column":33},"end":{"line":37,"column":3}}},"6":{"name":"(anonymous_13)","decl":{"start":{"line":39,"column":20},"end":{"line":39,"column":32}},"loc":{"start":{"line":39,"column":34},"end":{"line":41,"column":3}}}},"branchMap":{"0":{"loc":{"start":{"line":15,"column":4},"end":{"line":17,"column":null}},"type":"if","locations":[{"start":{"line":15,"column":4},"end":{"line":17,"column":null}},{"start":{"line":15,"column":4},"end":{"line":17,"column":null}}]},"1":{"loc":{"start":{"line":23,"column":4},"end":{"line":25,"column":null}},"type":"if","locations":[{"start":{"line":23,"column":4},"end":{"line":25,"column":null}},{"start":{"line":23,"column":4},"end":{"line":25,"column":null}}]}},"s":{"0":11,"1":24,"2":24,"3":1,"4":24,"5":24,"6":11,"7":3,"8":1,"9":2,"10":2,"11":11,"12":12,"13":12,"14":11,"15":24,"16":11,"17":3,"18":11,"19":11,"20":11,"21":3},"f":{"0":11,"1":24,"2":24,"3":3,"4":12,"5":24,"6":3},"b":{"0":[1,23],"1":[1,2]}}
,"/home/dona/projects/barkbark/src/parsers/AbstractParser.ts": {"path":"/home/dona/projects/barkbark/src/parsers/AbstractParser.ts","statementMap":{"0":{"start":{"line":1,"column":0},"end":{"line":1,"column":31}},"1":{"start":{"line":20,"column":9},"end":{"line":22,"column":4}},"2":{"start":{"line":21,"column":4},"end":{"line":21,"column":36}},"3":{"start":{"line":24,"column":9},"end":{"line":36,"column":4}},"4":{"start":{"line":25,"column":19},"end":{"line":25,"column":33}},"5":{"start":{"line":26,"column":4},"end":{"line":26,"column":26}},"6":{"start":{"line":27,"column":4},"end":{"line":35,"column":6}},"7":{"start":{"line":9,"column":4},"end":{"line":11,"column":7}},"8":{"start":{"line":12,"column":4},"end":{"line":15,"column":7}},"9":{"start":{"line":13,"column":6},"end":{"line":13,"column":37}},"10":{"start":{"line":14,"column":6},"end":{"line":14,"column":44}},"11":{"start":{"line":16,"column":4},"end":{"line":16,"column":35}},"12":{"start":{"line":17,"column":4},"end":{"line":17,"column":20}},"13":{"start":{"line":5,"column":0},"end":{"line":5,"column":22}}},"fnMap":{"0":{"name":"(anonymous_1)","decl":{"start":{"line":8,"column":2},"end":{"line":8,"column":14}},"loc":{"start":{"line":8,"column":61},"end":{"line":18,"column":3}}},"1":{"name":"(anonymous_2)","decl":{"start":{"line":20,"column":20},"end":{"line":20,"column":29}},"loc":{"start":{"line":20,"column":31},"end":{"line":22,"column":3}}},"2":{"name":"(anonymous_3)","decl":{"start":{"line":24,"column":23},"end":{"line":24,"column":24}},"loc":{"start":{"line":24,"column":44},"end":{"line":36,"column":3}}},"3":{"name":"(anonymous_4)","decl":{"start":{"line":12,"column":38},"end":{"line":12,"column":39}},"loc":{"start":{"line":12,"column":55},"end":{"line":15,"column":5}}}},"branchMap":{},"s":{"0":2,"1":3,"2":5,"3":3,"4":0,"5":0,"6":0,"7":3,"8":3,"9":0,"10":0,"11":3,"12":3,"13":2},"f":{"0":3,"1":5,"2":0,"3":0},"b":{}}
,"/home/dona/projects/barkbark/src/parsers/CLIParser.ts": {"path":"/home/dona/projects/barkbark/src/parsers/CLIParser.ts","statementMap":{"0":{"start":{"line":1,"column":0},"end":{"line":1,"column":50}},"1":{"start":{"line":8,"column":4},"end":{"line":8,"column":32}},"2":{"start":{"line":6,"column":0},"end":{"line":6,"column":13}}},"fnMap":{"0":{"name":"(anonymous_0)","decl":{"start":{"line":7,"column":2},"end":{"line":7,"column":14}},"loc":{"start":{"line":7,"column":56},"end":{"line":9,"column":3}}}},"branchMap":{},"s":{"0":1,"1":1,"2":1},"f":{"0":1},"b":{}}
,"/home/dona/projects/barkbark/src/parsers/FileParser.ts": {"path":"/home/dona/projects/barkbark/src/parsers/FileParser.ts","statementMap":{"0":{"start":{"line":1,"column":0},"end":{"line":1,"column":25}},"1":{"start":{"line":2,"column":0},"end":{"line":2,"column":50}},"2":{"start":{"line":4,"column":0},"end":{"line":4,"column":64}},"3":{"start":{"line":10,"column":4},"end":{"line":12,"column":null}},"4":{"start":{"line":11,"column":6},"end":{"line":11,"column":62}},"5":{"start":{"line":13,"column":23},"end":{"line":13,"column":60}},"6":{"start":{"line":14,"column":4},"end":{"line":14,"column":29}},"7":{"start":{"line":8,"column":0},"end":{"line":8,"column":13}}},"fnMap":{"0":{"name":"(anonymous_1)","decl":{"start":{"line":9,"column":2},"end":{"line":9,"column":14}},"loc":{"start":{"line":9,"column":55},"end":{"line":15,"column":3}}}},"branchMap":{"0":{"loc":{"start":{"line":10,"column":4},"end":{"line":12,"column":null}},"type":"if","locations":[{"start":{"line":10,"column":4},"end":{"line":12,"column":null}},{"start":{"line":10,"column":4},"end":{"line":12,"column":null}}]}},"s":{"0":2,"1":2,"2":2,"3":3,"4":1,"5":2,"6":2,"7":2},"f":{"0":3},"b":{"0":[1,2]}}
,"/home/dona/projects/barkbark/src/parsers/ParserFactory.ts": {"path":"/home/dona/projects/barkbark/src/parsers/ParserFactory.ts","statementMap":{"0":{"start":{"line":1,"column":0},"end":{"line":1,"column":52}},"1":{"start":{"line":2,"column":0},"end":{"line":2,"column":40}},"2":{"start":{"line":4,"column":0},"end":{"line":4,"column":42}},"3":{"start":{"line":5,"column":0},"end":{"line":5,"column":72}},"4":{"start":{"line":10,"column":2},"end":{"line":19,"column":4}},"5":{"start":{"line":11,"column":4},"end":{"line":18,"column":null}},"6":{"start":{"line":13,"column":8},"end":{"line":13,"column":45}},"7":{"start":{"line":15,"column":8},"end":{"line":15,"column":46}},"8":{"start":{"line":17,"column":8},"end":{"line":17,"column":81}},"9":{"start":{"line":9,"column":0},"end":{"line":9,"column":13}}},"fnMap":{"0":{"name":"(anonymous_0)","decl":{"start":{"line":9,"column":0},"end":{"line":9,"column":13}},"loc":{"start":{"line":9,"column":0},"end":{"line":20,"column":1}}},"1":{"name":"(anonymous_1)","decl":{"start":{"line":10,"column":14},"end":{"line":10,"column":15}},"loc":{"start":{"line":10,"column":100},"end":{"line":19,"column":3}}}},"branchMap":{"0":{"loc":{"start":{"line":12,"column":6},"end":{"line":13,"column":45}},"type":"switch","locations":[{"start":{"line":12,"column":6},"end":{"line":13,"column":45}},{"start":{"line":14,"column":6},"end":{"line":15,"column":46}},{"start":{"line":16,"column":6},"end":{"line":17,"column":81}}]}},"s":{"0":1,"1":1,"2":1,"3":1,"4":4,"5":4,"6":1,"7":2,"8":1,"9":1},"f":{"0":4,"1":4},"b":{"0":[1,2,1]}}
,"/home/dona/projects/barkbark/src/parsers/types.ts": {"path":"/home/dona/projects/barkbark/src/parsers/types.ts","statementMap":{"0":{"start":{"line":3,"column":0},"end":{"line":3,"column":null}},"1":{"start":{"line":4,"column":2},"end":{"line":4,"column":null}},"2":{"start":{"line":5,"column":2},"end":{"line":5,"column":null}}},"fnMap":{"0":{"name":"(anonymous_0)","decl":{"start":{"line":3,"column":0},"end":{"line":3,"column":12}},"loc":{"start":{"line":3,"column":22},"end":{"line":6,"column":1}}}},"branchMap":{"0":{"loc":{"start":{"line":3,"column":12},"end":{"line":3,"column":22}},"type":"binary-expr","locations":[{"start":{"line":3,"column":12},"end":{"line":3,"column":22}},{"start":{"line":3,"column":12},"end":{"line":3,"column":null}}]}},"s":{"0":1,"1":1,"2":1},"f":{"0":1},"b":{"0":[1,1]}}
}
