TN:
SF:/home/donacrio/projects/barkbark/src/Parser.ts
FN:11,(anonymous_1)
FN:16,(anonymous_2)
FN:26,(anonymous_3)
FNF:3
FNH:3
FNDA:1,(anonymous_1)
FNDA:1,(anonymous_2)
FNDA:1,(anonymous_3)
DA:3,1
DA:5,1
DA:7,1
DA:12,1
DA:13,1
DA:16,1
DA:17,1
DA:18,1
DA:19,1
DA:20,1
DA:21,1
DA:26,1
DA:27,1
DA:28,1
DA:39,1
DA:40,1
DA:41,1
DA:43,1
DA:44,1
DA:56,0
LF:20
LH:19
BRDA:18,0,0,1
BRDA:18,0,1,0
BRDA:20,1,0,1
BRDA:20,1,1,0
BRDA:28,2,0,1
BRDA:28,2,1,0
BRDA:29,3,0,1
BRDA:29,3,1,1
BRDA:29,3,2,1
BRDA:29,3,3,1
BRDA:29,3,4,1
BRDA:29,3,5,1
BRDA:29,3,6,1
BRDA:29,3,7,1
BRDA:29,3,8,1
BRDA:43,4,0,1
BRDA:43,4,1,0
BRDA:43,5,0,1
BRDA:43,5,1,1
BRDA:43,5,2,1
BRF:20
BRH:16
end_of_record
TN:
SF:/home/donacrio/projects/barkbark/src/Queue.ts
FN:6,(anonymous_0)
FN:12,(anonymous_1)
FN:20,(anonymous_2)
FN:28,(anonymous_3)
FN:33,(anonymous_4)
FN:37,(anonymous_5)
FNF:6
FNH:6
FNDA:7,(anonymous_0)
FNDA:25,(anonymous_1)
FNDA:3,(anonymous_2)
FNDA:12,(anonymous_3)
FNDA:25,(anonymous_4)
FNDA:3,(anonymous_5)
DA:1,2
DA:7,7
DA:8,7
DA:9,7
DA:12,7
DA:13,25
DA:14,1
DA:16,25
DA:17,25
DA:20,7
DA:21,3
DA:22,1
DA:24,2
DA:25,2
DA:28,7
DA:29,12
DA:30,12
DA:33,7
DA:34,25
DA:37,7
DA:38,3
LF:21
LH:21
BRDA:13,0,0,1
BRDA:13,0,1,24
BRDA:21,1,0,1
BRDA:21,1,1,2
BRF:4
BRH:4
end_of_record
