TN:
SF:/home/donacrio/projects/barkbark/src/lib/Queue.ts
FN:8,(anonymous_7)
FN:14,(anonymous_8)
FN:14,(anonymous_9)
FN:22,(anonymous_10)
FN:30,(anonymous_11)
FN:35,(anonymous_12)
FN:39,(anonymous_13)
FNF:7
FNH:7
FNDA:6,(anonymous_7)
FNDA:24,(anonymous_8)
FNDA:24,(anonymous_9)
FNDA:3,(anonymous_10)
FNDA:11,(anonymous_11)
FNDA:24,(anonymous_12)
FNDA:3,(anonymous_13)
DA:3,1
DA:9,6
DA:10,6
DA:11,6
DA:14,24
DA:15,24
DA:16,1
DA:18,24
DA:19,24
DA:22,6
DA:23,3
DA:24,1
DA:26,2
DA:27,2
DA:30,6
DA:31,11
DA:32,11
DA:35,6
DA:36,24
DA:39,6
DA:40,3
LF:21
LH:21
BRDA:15,0,0,1
BRDA:15,0,1,23
BRDA:23,1,0,1
BRDA:23,1,1,2
BRF:4
BRH:4
end_of_record
